<?xml version="1.0" encoding="UTF-8"?>
<!-- Generated by org.testng.reporters.JUnitReportReporter -->
<testsuite skipped="0" hostname="pradeeps-macbook.local" name="Tests.ApiDemoApp_Gestures" tests="1" failures="0" timestamp="2021-07-19T18:23:21 IST" time="277.042" errors="0">
  <testcase name="ApiDemoAppGesture_Scenario" time="277.042" classname="Tests.ApiDemoApp_Gestures"/>
  <system-out/>
</testsuite> <!-- Tests.ApiDemoApp_Gestures -->
