<?xml version="1.0" encoding="UTF-8"?>
<!-- Generated by org.testng.reporters.JUnitReportReporter -->
<testsuite skipped="0" hostname="pradeeps-macbook.local" name="Tests.ApiDemoApp_SimpleTest" tests="2" failures="0" timestamp="2021-07-19T20:36:30 IST" time="82.057" errors="0">
  <testcase name="ApiDemoAppSimpleTest_Scenario" time="43.633" classname="Tests.ApiDemoApp_SimpleTest"/>
  <system-out/>
  <testcase name="ApiDemoAppSimpleTest_Scenario" time="38.424" classname="Tests.ApiDemoApp_SimpleTest"/>
  <system-out/>
</testsuite> <!-- Tests.ApiDemoApp_SimpleTest -->
