<?xml version="1.0" encoding="UTF-8"?>
<!-- Generated by org.testng.reporters.JUnitReportReporter -->
<testsuite skipped="0" hostname="pradeeps-macbook.local" name="Tests.GeneralStoreApp_Tests" tests="1" failures="0" timestamp="2021-07-19T21:49:17 IST" time="62.044" errors="0">
  <testcase name="GeneralStoreAppScenario" time="62.044" classname="Tests.GeneralStoreApp_Tests"/>
  <system-out/>
</testsuite> <!-- Tests.GeneralStoreApp_Tests -->
