<?xml version="1.0" encoding="UTF-8"?>
<!-- Generated by org.testng.reporters.JUnitReportReporter -->
<testsuite skipped="0" hostname="pradeeps-macbook.local" name="Tests.ApiDemoApp_SimpleTest" tests="2" failures="0" timestamp="2021-07-19T23:16:57 IST" time="151.724" errors="0">
  <testcase name="ApiDemoAppSimpleTest_Scenario" time="75.312" classname="Tests.ApiDemoApp_SimpleTest"/>
  <system-out/>
  <testcase name="ApiDemoAppSimpleTest_Scenario" time="76.412" classname="Tests.ApiDemoApp_SimpleTest"/>
  <system-out/>
</testsuite> <!-- Tests.ApiDemoApp_SimpleTest -->
